[0.009s] Invoking command in '/home/engineerbear/Documents/prac_ws/src/snail_bot/build/snail_bot': CMAKE_PREFIX_PATH=${CMAKE_PREFIX_PATH}:/home/engineerbear/Documents/prac_ws/install/nav2_project:/home/engineerbear/Documents/prac_ws/install/holonomic:/opt/ros/humble /usr/bin/cmake /home/engineerbear/Documents/prac_ws/src/snail_bot -DAMENT_CMAKE_SYMLINK_INSTALL=1 -DCMAKE_INSTALL_PREFIX=/home/engineerbear/Documents/prac_ws/src/snail_bot/install/snail_bot
[0.073s] -- The C compiler identification is GNU 11.3.0
[0.121s] -- The CXX compiler identification is GNU 11.3.0
[0.128s] -- Detecting C compiler ABI info
[0.210s] -- Detecting C compiler ABI info - done
[0.217s] -- Check for working C compiler: /usr/bin/cc - skipped
[0.218s] -- Detecting C compile features
[0.219s] -- Detecting C compile features - done
[0.222s] -- Detecting CXX compiler ABI info
[0.285s] -- Detecting CXX compiler ABI info - done
[0.290s] -- Check for working CXX compiler: /usr/bin/c++ - skipped
[0.290s] -- Detecting CXX compile features
[0.290s] -- Detecting CXX compile features - done
[0.292s] -- Found ament_cmake: 1.3.3 (/opt/ros/humble/share/ament_cmake/cmake)
[0.401s] -- Found Python3: /usr/bin/python3.10 (found version "3.10.6") found components: Interpreter 
[0.440s] -- Override CMake install command with custom implementation using symlinks instead of copying resources
[0.461s] -- Found ament_lint_auto: 0.12.4 (/opt/ros/humble/share/ament_lint_auto/cmake)
[0.533s] -- Added test 'copyright' to check source files copyright and LICENSE
[0.540s] -- Added test 'cppcheck' to perform static code analysis on C / C++ code
[0.540s] -- Configured cppcheck include dirs: 
[0.540s] -- Configured cppcheck exclude dirs and/or files: 
[0.546s] -- Added test 'cpplint' to check C / C++ code against the Google style
[0.546s] -- Configured cpplint exclude dirs and/or files: 
[0.547s] -- Added test 'flake8' to check Python code syntax and style conventions
[0.549s] -- Added test 'lint_cmake' to check CMake code style
[0.551s] -- Added test 'pep257' to check Python code against some of the docstring style conventions in PEP 257
[0.557s] -- Added test 'uncrustify' to check C / C++ code style
[0.557s] -- Configured uncrustify additional arguments: 
[0.558s] -- Added test 'xmllint' to check XML markup files
[0.559s] -- Configuring done
[0.562s] -- Generating done
[0.563s] -- Build files have been written to: /home/engineerbear/Documents/prac_ws/src/snail_bot/build/snail_bot
[0.565s] Invoked command in '/home/engineerbear/Documents/prac_ws/src/snail_bot/build/snail_bot' returned '0': CMAKE_PREFIX_PATH=${CMAKE_PREFIX_PATH}:/home/engineerbear/Documents/prac_ws/install/nav2_project:/home/engineerbear/Documents/prac_ws/install/holonomic:/opt/ros/humble /usr/bin/cmake /home/engineerbear/Documents/prac_ws/src/snail_bot -DAMENT_CMAKE_SYMLINK_INSTALL=1 -DCMAKE_INSTALL_PREFIX=/home/engineerbear/Documents/prac_ws/src/snail_bot/install/snail_bot
[0.566s] Invoking command in '/home/engineerbear/Documents/prac_ws/src/snail_bot/build/snail_bot': CMAKE_PREFIX_PATH=${CMAKE_PREFIX_PATH}:/home/engineerbear/Documents/prac_ws/install/nav2_project:/home/engineerbear/Documents/prac_ws/install/holonomic:/opt/ros/humble /usr/bin/cmake --build /home/engineerbear/Documents/prac_ws/src/snail_bot/build/snail_bot -- -j12 -l12
[0.584s] Invoked command in '/home/engineerbear/Documents/prac_ws/src/snail_bot/build/snail_bot' returned '0': CMAKE_PREFIX_PATH=${CMAKE_PREFIX_PATH}:/home/engineerbear/Documents/prac_ws/install/nav2_project:/home/engineerbear/Documents/prac_ws/install/holonomic:/opt/ros/humble /usr/bin/cmake --build /home/engineerbear/Documents/prac_ws/src/snail_bot/build/snail_bot -- -j12 -l12
[0.600s] Invoking command in '/home/engineerbear/Documents/prac_ws/src/snail_bot/build/snail_bot': CMAKE_PREFIX_PATH=${CMAKE_PREFIX_PATH}:/home/engineerbear/Documents/prac_ws/install/nav2_project:/home/engineerbear/Documents/prac_ws/install/holonomic:/opt/ros/humble /usr/bin/cmake --install /home/engineerbear/Documents/prac_ws/src/snail_bot/build/snail_bot
[0.604s] -- Install configuration: ""
[0.604s] -- Execute custom install script
[0.605s] -- Symlinking: /home/engineerbear/Documents/prac_ws/src/snail_bot/install/snail_bot/share/snail_bot/config/drive_bot.rviz
[0.610s] -- Symlinking: /home/engineerbear/Documents/prac_ws/src/snail_bot/install/snail_bot/share/snail_bot/config/empty.yaml
[0.614s] -- Symlinking: /home/engineerbear/Documents/prac_ws/src/snail_bot/install/snail_bot/share/snail_bot/config/joystick.yaml
[0.618s] -- Symlinking: /home/engineerbear/Documents/prac_ws/src/snail_bot/install/snail_bot/share/snail_bot/config/main.rviz
[0.623s] -- Symlinking: /home/engineerbear/Documents/prac_ws/src/snail_bot/install/snail_bot/share/snail_bot/config/mapper_params_online_async.yaml
[0.627s] -- Symlinking: /home/engineerbear/Documents/prac_ws/src/snail_bot/install/snail_bot/share/snail_bot/config/my_controllers.yaml
[0.631s] -- Symlinking: /home/engineerbear/Documents/prac_ws/src/snail_bot/install/snail_bot/share/snail_bot/config/slam.rviz
[0.635s] -- Symlinking: /home/engineerbear/Documents/prac_ws/src/snail_bot/install/snail_bot/share/snail_bot/config/twist_mux.yaml
[0.640s] -- Symlinking: /home/engineerbear/Documents/prac_ws/src/snail_bot/install/snail_bot/share/snail_bot/description/gazebo_control.xacro
[0.644s] -- Symlinking: /home/engineerbear/Documents/prac_ws/src/snail_bot/install/snail_bot/share/snail_bot/description/inertial_macros.xacro
[0.647s] -- Symlinking: /home/engineerbear/Documents/prac_ws/src/snail_bot/install/snail_bot/share/snail_bot/description/lidar.xacro
[0.651s] -- Symlinking: /home/engineerbear/Documents/prac_ws/src/snail_bot/install/snail_bot/share/snail_bot/description/robot.urdf.xacro
[0.654s] -- Symlinking: /home/engineerbear/Documents/prac_ws/src/snail_bot/install/snail_bot/share/snail_bot/description/robot_core.xacro
[0.658s] -- Symlinking: /home/engineerbear/Documents/prac_ws/src/snail_bot/install/snail_bot/share/snail_bot/description/ros2_control.xacro
[0.662s] -- Symlinking: /home/engineerbear/Documents/prac_ws/src/snail_bot/install/snail_bot/share/snail_bot/launch/joystick.launch.py
[0.665s] -- Symlinking: /home/engineerbear/Documents/prac_ws/src/snail_bot/install/snail_bot/share/snail_bot/launch/launch_sim.launch.py
[0.669s] -- Symlinking: /home/engineerbear/Documents/prac_ws/src/snail_bot/install/snail_bot/share/snail_bot/launch/online_async_launch.py
[0.672s] -- Symlinking: /home/engineerbear/Documents/prac_ws/src/snail_bot/install/snail_bot/share/snail_bot/launch/rsp.launch.py
[0.676s] -- Symlinking: /home/engineerbear/Documents/prac_ws/src/snail_bot/install/snail_bot/share/snail_bot/worlds/empty.world
[0.680s] -- Symlinking: /home/engineerbear/Documents/prac_ws/src/snail_bot/install/snail_bot/share/snail_bot/worlds/map_save.pgm
[0.683s] -- Symlinking: /home/engineerbear/Documents/prac_ws/src/snail_bot/install/snail_bot/share/snail_bot/worlds/map_save.yaml
[0.687s] -- Symlinking: /home/engineerbear/Documents/prac_ws/src/snail_bot/install/snail_bot/share/snail_bot/worlds/map_serial.data
[0.691s] -- Symlinking: /home/engineerbear/Documents/prac_ws/src/snail_bot/install/snail_bot/share/snail_bot/worlds/map_serial.posegraph
[0.694s] -- Symlinking: /home/engineerbear/Documents/prac_ws/src/snail_bot/install/snail_bot/share/snail_bot/worlds/playfield.world
[0.698s] -- Symlinking: /home/engineerbear/Documents/prac_ws/src/snail_bot/install/snail_bot/share/ament_index/resource_index/package_run_dependencies/snail_bot
[0.702s] -- Symlinking: /home/engineerbear/Documents/prac_ws/src/snail_bot/install/snail_bot/share/ament_index/resource_index/parent_prefix_path/snail_bot
[0.705s] -- Symlinking: /home/engineerbear/Documents/prac_ws/src/snail_bot/install/snail_bot/share/snail_bot/environment/ament_prefix_path.sh
[0.709s] -- Symlinking: /home/engineerbear/Documents/prac_ws/src/snail_bot/install/snail_bot/share/snail_bot/environment/ament_prefix_path.dsv
[0.712s] -- Symlinking: /home/engineerbear/Documents/prac_ws/src/snail_bot/install/snail_bot/share/snail_bot/environment/path.sh
[0.716s] -- Symlinking: /home/engineerbear/Documents/prac_ws/src/snail_bot/install/snail_bot/share/snail_bot/environment/path.dsv
[0.720s] -- Symlinking: /home/engineerbear/Documents/prac_ws/src/snail_bot/install/snail_bot/share/snail_bot/local_setup.bash
[0.723s] -- Symlinking: /home/engineerbear/Documents/prac_ws/src/snail_bot/install/snail_bot/share/snail_bot/local_setup.sh
[0.727s] -- Symlinking: /home/engineerbear/Documents/prac_ws/src/snail_bot/install/snail_bot/share/snail_bot/local_setup.zsh
[0.731s] -- Symlinking: /home/engineerbear/Documents/prac_ws/src/snail_bot/install/snail_bot/share/snail_bot/local_setup.dsv
[0.734s] -- Symlinking: /home/engineerbear/Documents/prac_ws/src/snail_bot/install/snail_bot/share/snail_bot/package.dsv
[0.738s] -- Symlinking: /home/engineerbear/Documents/prac_ws/src/snail_bot/install/snail_bot/share/ament_index/resource_index/packages/snail_bot
[0.742s] -- Symlinking: /home/engineerbear/Documents/prac_ws/src/snail_bot/install/snail_bot/share/snail_bot/cmake/snail_botConfig.cmake
[0.746s] -- Symlinking: /home/engineerbear/Documents/prac_ws/src/snail_bot/install/snail_bot/share/snail_bot/cmake/snail_botConfig-version.cmake
[0.749s] -- Symlinking: /home/engineerbear/Documents/prac_ws/src/snail_bot/install/snail_bot/share/snail_bot/package.xml
[0.754s] Invoked command in '/home/engineerbear/Documents/prac_ws/src/snail_bot/build/snail_bot' returned '0': CMAKE_PREFIX_PATH=${CMAKE_PREFIX_PATH}:/home/engineerbear/Documents/prac_ws/install/nav2_project:/home/engineerbear/Documents/prac_ws/install/holonomic:/opt/ros/humble /usr/bin/cmake --install /home/engineerbear/Documents/prac_ws/src/snail_bot/build/snail_bot
